# JRE version: OpenJDK Runtime Environment (11.0.2+7) (build 11.0.2+7)
# Java VM: OpenJDK 64-Bit Server VM (11.0.2+7, mixed mode, tiered, compressed oops, parallel gc, windows-amd64)
Heap:
 PSYoungGen      total 19968K, used 16866K [0x00000000eab00000, 0x00000000ec280000, 0x0000000100000000)
  eden space 17920K, 83% used [0x00000000eab00000,0x00000000eb994938,0x00000000ebc80000)
  from space 2048K, 94% used [0x00000000ec080000,0x00000000ec264260,0x00000000ec280000)
  to   space 2560K, 0% used [0x00000000ebd80000,0x00000000ebd80000,0x00000000ec000000)
 ParOldGen       total 68608K, used 54981K [0x00000000c0000000, 0x00000000c4300000, 0x00000000eab00000)
  object space 68608K, 80% used [0x00000000c0000000,0x00000000c35b16f0,0x00000000c4300000)
 Metaspace       used 55055K, capacity 57601K, committed 57856K, reserved 1101824K
  class space    used 5385K, capacity 6276K, committed 6400K, reserved 1048576K
GC Heap History (10 events):
Event: 7.452 GC heap before
{Heap before GC invocations=22 (full 2):
 PSYoungGen      total 20992K, used 20984K [0x00000000eab00000, 0x00000000eca80000, 0x0000000100000000)
  eden space 17920K, 100% used [0x00000000eab00000,0x00000000ebc80000,0x00000000ebc80000)
  from space 3072K, 99% used [0x00000000ebd00000,0x00000000ebffe298,0x00000000ec000000)
  to   space 7168K, 0% used [0x00000000ec380000,0x00000000ec380000,0x00000000eca80000)
 ParOldGen       total 68608K, used 41950K [0x00000000c0000000, 0x00000000c4300000, 0x00000000eab00000)
  object space 68608K, 61% used [0x00000000c0000000,0x00000000c28f78c0,0x00000000c4300000)
 Metaspace       used 51921K, capacity 54379K, committed 54400K, reserved 1097728K
  class space    used 5116K, capacity 6010K, committed 6016K, reserved 1048576K
}
Event: 7.459 GC heap after
{Heap after GC invocations=22 (full 2):
 PSYoungGen      total 20992K, used 2609K [0x00000000eab00000, 0x00000000ec680000, 0x0000000100000000)
  eden space 17920K, 0% used [0x00000000eab00000,0x00000000eab00000,0x00000000ebc80000)
  from space 3072K, 84% used [0x00000000ec380000,0x00000000ec60c738,0x00000000ec680000)
  to   space 4096K, 0% used [0x00000000ebe80000,0x00000000ebe80000,0x00000000ec280000)
 ParOldGen       total 68608K, used 44885K [0x00000000c0000000, 0x00000000c4300000, 0x00000000eab00000)
  object space 68608K, 65% used [0x00000000c0000000,0x00000000c2bd5470,0x00000000c4300000)
 Metaspace       used 51921K, capacity 54379K, committed 54400K, reserved 1097728K
  class space    used 5116K, capacity 6010K, committed 6016K, reserved 1048576K
}
Event: 7.504 GC heap before
{Heap before GC invocations=23 (full 2):
 PSYoungGen      total 20992K, used 20529K [0x00000000eab00000, 0x00000000ec680000, 0x0000000100000000)
  eden space 17920K, 100% used [0x00000000eab00000,0x00000000ebc80000,0x00000000ebc80000)
  from space 3072K, 84% used [0x00000000ec380000,0x00000000ec60c738,0x00000000ec680000)
  to   space 4096K, 0% used [0x00000000ebe80000,0x00000000ebe80000,0x00000000ec280000)
 ParOldGen       total 68608K, used 44885K [0x00000000c0000000, 0x00000000c4300000, 0x00000000eab00000)
  object space 68608K, 65% used [0x00000000c0000000,0x00000000c2bd5470,0x00000000c4300000)
 Metaspace       used 51939K, capacity 54379K, committed 54400K, reserved 1097728K
  class space    used 5116K, capacity 6010K, committed 6016K, reserved 1048576K
}
Event: 7.511 GC heap after
{Heap after GC invocations=23 (full 2):
 PSYoungGen      total 22016K, used 415K [0x00000000eab00000, 0x00000000ec400000, 0x0000000100000000)
  eden space 17920K, 0% used [0x00000000eab00000,0x00000000eab00000,0x00000000ebc80000)
  from space 4096K, 10% used [0x00000000ebe80000,0x00000000ebee7d10,0x00000000ec280000)
  to   space 1536K, 0% used [0x00000000ec280000,0x00000000ec280000,0x00000000ec400000)
 ParOldGen       total 68608K, used 47404K [0x00000000c0000000, 0x00000000c4300000, 0x00000000eab00000)
  object space 68608K, 69% used [0x00000000c0000000,0x00000000c2e4b0b8,0x00000000c4300000)
 Metaspace       used 51939K, capacity 54379K, committed 54400K, reserved 1097728K
  class space    used 5116K, capacity 6010K, committed 6016K, reserved 1048576K
}
Event: 7.598 GC heap before
{Heap before GC invocations=24 (full 2):
 PSYoungGen      total 22016K, used 17986K [0x00000000eab00000, 0x00000000ec400000, 0x0000000100000000)
  eden space 17920K, 98% used [0x00000000eab00000,0x00000000ebc28dd0,0x00000000ebc80000)
  from space 4096K, 10% used [0x00000000ebe80000,0x00000000ebee7d10,0x00000000ec280000)
  to   space 1536K, 0% used [0x00000000ec280000,0x00000000ec280000,0x00000000ec400000)
 ParOldGen       total 68608K, used 47404K [0x00000000c0000000, 0x00000000c4300000, 0x00000000eab00000)
  object space 68608K, 69% used [0x00000000c0000000,0x00000000c2e4b0b8,0x00000000c4300000)
 Metaspace       used 52001K, capacity 54455K, committed 54656K, reserved 1097728K
  class space    used 5125K, capacity 6014K, committed 6016K, reserved 1048576K
}
Event: 7.601 GC heap after
{Heap after GC invocations=24 (full 2):
 PSYoungGen      total 19456K, used 1532K [0x00000000eab00000, 0x00000000ec780000, 0x0000000100000000)
  eden space 17920K, 0% used [0x00000000eab00000,0x00000000eab00000,0x00000000ebc80000)
  from space 1536K, 99% used [0x00000000ec280000,0x00000000ec3ff210,0x00000000ec400000)
  to   space 5632K, 0% used [0x00000000ebc80000,0x00000000ebc80000,0x00000000ec200000)
 ParOldGen       total 68608K, used 50475K [0x00000000c0000000, 0x00000000c4300000, 0x00000000eab00000)
  object space 68608K, 73% used [0x00000000c0000000,0x00000000c314ac88,0x00000000c4300000)
 Metaspace       used 52001K, capacity 54455K, committed 54656K, reserved 1097728K
  class space    used 5125K, capacity 6014K, committed 6016K, reserved 1048576K
}
Event: 7.885 GC heap before
{Heap before GC invocations=25 (full 2):
 PSYoungGen      total 19456K, used 19452K [0x00000000eab00000, 0x00000000ec780000, 0x0000000100000000)
  eden space 17920K, 100% used [0x00000000eab00000,0x00000000ebc80000,0x00000000ebc80000)
  from space 1536K, 99% used [0x00000000ec280000,0x00000000ec3ff210,0x00000000ec400000)
  to   space 5632K, 0% used [0x00000000ebc80000,0x00000000ebc80000,0x00000000ec200000)
 ParOldGen       total 68608K, used 50475K [0x00000000c0000000, 0x00000000c4300000, 0x00000000eab00000)
  object space 68608K, 73% used [0x00000000c0000000,0x00000000c314ac88,0x00000000c4300000)
 Metaspace       used 54028K, capacity 56523K, committed 56704K, reserved 1099776K
  class space    used 5305K, capacity 6193K, committed 6272K, reserved 1048576K
}
Event: 7.897 GC heap after
{Heap after GC invocations=25 (full 2):
 PSYoungGen      total 20992K, used 3068K [0x00000000eab00000, 0x00000000ec480000, 0x0000000100000000)
  eden space 17920K, 0% used [0x00000000eab00000,0x00000000eab00000,0x00000000ebc80000)
  from space 3072K, 99% used [0x00000000ebc80000,0x00000000ebf7f128,0x00000000ebf80000)
  to   space 4096K, 0% used [0x00000000ec080000,0x00000000ec080000,0x00000000ec480000)
 ParOldGen       total 68608K, used 51996K [0x00000000c0000000, 0x00000000c4300000, 0x00000000eab00000)
  object space 68608K, 75% used [0x00000000c0000000,0x00000000c32c7170,0x00000000c4300000)
 Metaspace       used 54028K, capacity 56523K, committed 56704K, reserved 1099776K
  class space    used 5305K, capacity 6193K, committed 6272K, reserved 1048576K
}
Event: 8.013 GC heap before
{Heap before GC invocations=26 (full 2):
 PSYoungGen      total 20992K, used 20988K [0x00000000eab00000, 0x00000000ec480000, 0x0000000100000000)
  eden space 17920K, 100% used [0x00000000eab00000,0x00000000ebc80000,0x00000000ebc80000)
  from space 3072K, 99% used [0x00000000ebc80000,0x00000000ebf7f128,0x00000000ebf80000)
  to   space 4096K, 0% used [0x00000000ec080000,0x00000000ec080000,0x00000000ec480000)
 ParOldGen       total 68608K, used 51996K [0x00000000c0000000, 0x00000000c4300000, 0x00000000eab00000)
  object space 68608K, 75% used [0x00000000c0000000,0x00000000c32c7170,0x00000000c4300000)
 Metaspace       used 54255K, capacity 56658K, committed 56960K, reserved 1099776K
  class space    used 5316K, capacity 6196K, committed 6272K, reserved 1048576K
}
Event: 8.034 GC heap after
{Heap after GC invocations=26 (full 2):
 PSYoungGen      total 19968K, used 1936K [0x00000000eab00000, 0x00000000ec280000, 0x0000000100000000)
  eden space 17920K, 0% used [0x00000000eab00000,0x00000000eab00000,0x00000000ebc80000)
  from space 2048K, 94% used [0x00000000ec080000,0x00000000ec264260,0x00000000ec280000)
  to   space 2560K, 0% used [0x00000000ebd80000,0x00000000ebd80000,0x00000000ec000000)
 ParOldGen       total 68608K, used 54981K [0x00000000c0000000, 0x00000000c4300000, 0x00000000eab00000)
  object space 68608K, 80% used [0x00000000c0000000,0x00000000c35b16f0,0x00000000c4300000)
 Metaspace       used 54255K, capacity 56658K, committed 56960K, reserved 1099776K
  class space    used 5316K, capacity 6196K, committed 6272K, reserved 1048576K
}

