# JRE version: OpenJDK Runtime Environment (11.0.2+7) (build 11.0.2+7)
# Java VM: OpenJDK 64-Bit Server VM (11.0.2+7, mixed mode, tiered, compressed oops, parallel gc, windows-amd64)
Heap:
 PSYoungGen      total 11264K, used 10384K [0x00000000eab00000, 0x00000000eb680000, 0x0000000100000000)
  eden space 10752K, 91% used [0x00000000eab00000,0x00000000eb4a42d8,0x00000000eb580000)
  from space 512K, 100% used [0x00000000eb580000,0x00000000eb600000,0x00000000eb600000)
  to   space 512K, 0% used [0x00000000eb600000,0x00000000eb600000,0x00000000eb680000)
 ParOldGen       total 178688K, used 140300K [0x00000000c0000000, 0x00000000cae80000, 0x00000000eab00000)
  object space 178688K, 78% used [0x00000000c0000000,0x00000000c8903228,0x00000000cae80000)
 Metaspace       used 73633K, capacity 76848K, committed 77056K, reserved 1118208K
  class space    used 6845K, capacity 8158K, committed 8192K, reserved 1048576K
GC Heap History (10 events):
Event: 238.364 GC heap before
{Heap before GC invocations=475 (full 13):
 PSYoungGen      total 11264K, used 10816K [0x00000000eab00000, 0x00000000eb680000, 0x0000000100000000)
  eden space 10752K, 100% used [0x00000000eab00000,0x00000000eb580000,0x00000000eb580000)
  from space 512K, 12% used [0x00000000eb600000,0x00000000eb610000,0x00000000eb680000)
  to   space 512K, 0% used [0x00000000eb580000,0x00000000eb580000,0x00000000eb600000)
 ParOldGen       total 178688K, used 133474K [0x00000000c0000000, 0x00000000cae80000, 0x00000000eab00000)
  object space 178688K, 74% used [0x00000000c0000000,0x00000000c8258910,0x00000000cae80000)
 Metaspace       used 73609K, capacity 76848K, committed 77056K, reserved 1118208K
  class space    used 6845K, capacity 8158K, committed 8192K, reserved 1048576K
}
Event: 238.366 GC heap after
{Heap after GC invocations=475 (full 13):
 PSYoungGen      total 11264K, used 495K [0x00000000eab00000, 0x00000000eb680000, 0x0000000100000000)
  eden space 10752K, 0% used [0x00000000eab00000,0x00000000eab00000,0x00000000eb580000)
  from space 512K, 96% used [0x00000000eb580000,0x00000000eb5fbdd0,0x00000000eb600000)
  to   space 512K, 0% used [0x00000000eb600000,0x00000000eb600000,0x00000000eb680000)
 ParOldGen       total 178688K, used 133482K [0x00000000c0000000, 0x00000000cae80000, 0x00000000eab00000)
  object space 178688K, 74% used [0x00000000c0000000,0x00000000c825a910,0x00000000cae80000)
 Metaspace       used 73609K, capacity 76848K, committed 77056K, reserved 1118208K
  class space    used 6845K, capacity 8158K, committed 8192K, reserved 1048576K
}
Event: 238.376 GC heap before
{Heap before GC invocations=476 (full 13):
 PSYoungGen      total 11264K, used 11247K [0x00000000eab00000, 0x00000000eb680000, 0x0000000100000000)
  eden space 10752K, 100% used [0x00000000eab00000,0x00000000eb580000,0x00000000eb580000)
  from space 512K, 96% used [0x00000000eb580000,0x00000000eb5fbdd0,0x00000000eb600000)
  to   space 512K, 0% used [0x00000000eb600000,0x00000000eb600000,0x00000000eb680000)
 ParOldGen       total 178688K, used 133482K [0x00000000c0000000, 0x00000000cae80000, 0x00000000eab00000)
  object space 178688K, 74% used [0x00000000c0000000,0x00000000c825a910,0x00000000cae80000)
 Metaspace       used 73609K, capacity 76848K, committed 77056K, reserved 1118208K
  class space    used 6845K, capacity 8158K, committed 8192K, reserved 1048576K
}
Event: 238.380 GC heap after
{Heap after GC invocations=476 (full 13):
 PSYoungGen      total 11264K, used 32K [0x00000000eab00000, 0x00000000eb680000, 0x0000000100000000)
  eden space 10752K, 0% used [0x00000000eab00000,0x00000000eab00000,0x00000000eb580000)
  from space 512K, 6% used [0x00000000eb600000,0x00000000eb608000,0x00000000eb680000)
  to   space 512K, 0% used [0x00000000eb580000,0x00000000eb580000,0x00000000eb600000)
 ParOldGen       total 178688K, used 133490K [0x00000000c0000000, 0x00000000cae80000, 0x00000000eab00000)
  object space 178688K, 74% used [0x00000000c0000000,0x00000000c825c910,0x00000000cae80000)
 Metaspace       used 73609K, capacity 76848K, committed 77056K, reserved 1118208K
  class space    used 6845K, capacity 8158K, committed 8192K, reserved 1048576K
}
Event: 238.389 GC heap before
{Heap before GC invocations=477 (full 13):
 PSYoungGen      total 11264K, used 10784K [0x00000000eab00000, 0x00000000eb680000, 0x0000000100000000)
  eden space 10752K, 100% used [0x00000000eab00000,0x00000000eb580000,0x00000000eb580000)
  from space 512K, 6% used [0x00000000eb600000,0x00000000eb608000,0x00000000eb680000)
  to   space 512K, 0% used [0x00000000eb580000,0x00000000eb580000,0x00000000eb600000)
 ParOldGen       total 178688K, used 133490K [0x00000000c0000000, 0x00000000cae80000, 0x00000000eab00000)
  object space 178688K, 74% used [0x00000000c0000000,0x00000000c825c910,0x00000000cae80000)
 Metaspace       used 73609K, capacity 76848K, committed 77056K, reserved 1118208K
  class space    used 6845K, capacity 8158K, committed 8192K, reserved 1048576K
}
Event: 238.391 GC heap after
{Heap after GC invocations=477 (full 13):
 PSYoungGen      total 11264K, used 512K [0x00000000eab00000, 0x00000000eb680000, 0x0000000100000000)
  eden space 10752K, 0% used [0x00000000eab00000,0x00000000eab00000,0x00000000eb580000)
  from space 512K, 100% used [0x00000000eb580000,0x00000000eb600000,0x00000000eb600000)
  to   space 512K, 0% used [0x00000000eb600000,0x00000000eb600000,0x00000000eb680000)
 ParOldGen       total 178688K, used 134175K [0x00000000c0000000, 0x00000000cae80000, 0x00000000eab00000)
  object space 178688K, 75% used [0x00000000c0000000,0x00000000c8307ee0,0x00000000cae80000)
 Metaspace       used 73609K, capacity 76848K, committed 77056K, reserved 1118208K
  class space    used 6845K, capacity 8158K, committed 8192K, reserved 1048576K
}
Event: 238.402 GC heap before
{Heap before GC invocations=478 (full 13):
 PSYoungGen      total 11264K, used 11264K [0x00000000eab00000, 0x00000000eb680000, 0x0000000100000000)
  eden space 10752K, 100% used [0x00000000eab00000,0x00000000eb580000,0x00000000eb580000)
  from space 512K, 100% used [0x00000000eb580000,0x00000000eb600000,0x00000000eb600000)
  to   space 512K, 0% used [0x00000000eb600000,0x00000000eb600000,0x00000000eb680000)
 ParOldGen       total 178688K, used 134175K [0x00000000c0000000, 0x00000000cae80000, 0x00000000eab00000)
  object space 178688K, 75% used [0x00000000c0000000,0x00000000c8307ee0,0x00000000cae80000)
 Metaspace       used 73610K, capacity 76848K, committed 77056K, reserved 1118208K
  class space    used 6845K, capacity 8158K, committed 8192K, reserved 1048576K
}
Event: 238.406 GC heap after
{Heap after GC invocations=478 (full 13):
 PSYoungGen      total 11264K, used 496K [0x00000000eab00000, 0x00000000eb680000, 0x0000000100000000)
  eden space 10752K, 0% used [0x00000000eab00000,0x00000000eab00000,0x00000000eb580000)
  from space 512K, 96% used [0x00000000eb600000,0x00000000eb67c010,0x00000000eb680000)
  to   space 512K, 0% used [0x00000000eb580000,0x00000000eb580000,0x00000000eb600000)
 ParOldGen       total 178688K, used 135422K [0x00000000c0000000, 0x00000000cae80000, 0x00000000eab00000)
  object space 178688K, 75% used [0x00000000c0000000,0x00000000c843f878,0x00000000cae80000)
 Metaspace       used 73610K, capacity 76848K, committed 77056K, reserved 1118208K
  class space    used 6845K, capacity 8158K, committed 8192K, reserved 1048576K
}
Event: 238.417 GC heap before
{Heap before GC invocations=479 (full 13):
 PSYoungGen      total 11264K, used 11248K [0x00000000eab00000, 0x00000000eb680000, 0x0000000100000000)
  eden space 10752K, 100% used [0x00000000eab00000,0x00000000eb580000,0x00000000eb580000)
  from space 512K, 96% used [0x00000000eb600000,0x00000000eb67c010,0x00000000eb680000)
  to   space 512K, 0% used [0x00000000eb580000,0x00000000eb580000,0x00000000eb600000)
 ParOldGen       total 178688K, used 135422K [0x00000000c0000000, 0x00000000cae80000, 0x00000000eab00000)
  object space 178688K, 75% used [0x00000000c0000000,0x00000000c843f878,0x00000000cae80000)
 Metaspace       used 73612K, capacity 76848K, committed 77056K, reserved 1118208K
  class space    used 6845K, capacity 8158K, committed 8192K, reserved 1048576K
}
Event: 238.422 GC heap after
{Heap after GC invocations=479 (full 13):
 PSYoungGen      total 11264K, used 312K [0x00000000eab00000, 0x00000000eb680000, 0x0000000100000000)
  eden space 10752K, 0% used [0x00000000eab00000,0x00000000eab00000,0x00000000eb580000)
  from space 512K, 61% used [0x00000000eb580000,0x00000000eb5ce1a8,0x00000000eb600000)
  to   space 512K, 0% used [0x00000000eb600000,0x00000000eb600000,0x00000000eb680000)
 ParOldGen       total 178688K, used 136349K [0x00000000c0000000, 0x00000000cae80000, 0x00000000eab00000)
  object space 178688K, 76% used [0x00000000c0000000,0x00000000c8527658,0x00000000cae80000)
 Metaspace       used 73612K, capacity 76848K, committed 77056K, reserved 1118208K
  class space    used 6845K, capacity 8158K, committed 8192K, reserved 1048576K
}

