# JRE version: OpenJDK Runtime Environment (11.0.2+7) (build 11.0.2+7)
# Java VM: OpenJDK 64-Bit Server VM (11.0.2+7, mixed mode, tiered, compressed oops, parallel gc, windows-amd64)
Heap:
 PSYoungGen      total 25088K, used 9132K [0x00000000eab00000, 0x00000000eca00000, 0x0000000100000000)
  eden space 23040K, 30% used [0x00000000eab00000,0x00000000eb1f7a88,0x00000000ec180000)
  from space 2048K, 97% used [0x00000000ec200000,0x00000000ec3f37e8,0x00000000ec400000)
  to   space 4096K, 0% used [0x00000000ec600000,0x00000000ec600000,0x00000000eca00000)
 ParOldGen       total 68608K, used 16962K [0x00000000c0000000, 0x00000000c4300000, 0x00000000eab00000)
  object space 68608K, 24% used [0x00000000c0000000,0x00000000c1090b50,0x00000000c4300000)
 Metaspace       used 39621K, capacity 41786K, committed 41984K, reserved 1087488K
  class space    used 4030K, capacity 4818K, committed 4864K, reserved 1048576K
GC Heap History (10 events):
Event: 3.502 GC heap before
{Heap before GC invocations=5 (full 1):
 PSYoungGen      total 29696K, used 28564K [0x00000000eab00000, 0x00000000ecc00000, 0x0000000100000000)
  eden space 25600K, 100% used [0x00000000eab00000,0x00000000ec400000,0x00000000ec400000)
  from space 4096K, 72% used [0x00000000ec400000,0x00000000ec6e5070,0x00000000ec800000)
  to   space 4096K, 0% used [0x00000000ec800000,0x00000000ec800000,0x00000000ecc00000)
 ParOldGen       total 68608K, used 9765K [0x00000000c0000000, 0x00000000c4300000, 0x00000000eab00000)
  object space 68608K, 14% used [0x00000000c0000000,0x00000000c09896d0,0x00000000c4300000)
 Metaspace       used 29887K, capacity 31339K, committed 31616K, reserved 1077248K
  class space    used 2932K, capacity 3427K, committed 3456K, reserved 1048576K
}
Event: 3.505 GC heap after
{Heap after GC invocations=5 (full 1):
 PSYoungGen      total 29696K, used 4094K [0x00000000eab00000, 0x00000000ecc00000, 0x0000000100000000)
  eden space 25600K, 0% used [0x00000000eab00000,0x00000000eab00000,0x00000000ec400000)
  from space 4096K, 99% used [0x00000000ec800000,0x00000000ecbff880,0x00000000ecc00000)
  to   space 4096K, 0% used [0x00000000ec400000,0x00000000ec400000,0x00000000ec800000)
 ParOldGen       total 68608K, used 9789K [0x00000000c0000000, 0x00000000c4300000, 0x00000000eab00000)
  object space 68608K, 14% used [0x00000000c0000000,0x00000000c098f6d0,0x00000000c4300000)
 Metaspace       used 29887K, capacity 31339K, committed 31616K, reserved 1077248K
  class space    used 2932K, capacity 3427K, committed 3456K, reserved 1048576K
}
Event: 3.879 GC heap before
{Heap before GC invocations=6 (full 1):
 PSYoungGen      total 29696K, used 29694K [0x00000000eab00000, 0x00000000ecc00000, 0x0000000100000000)
  eden space 25600K, 100% used [0x00000000eab00000,0x00000000ec400000,0x00000000ec400000)
  from space 4096K, 99% used [0x00000000ec800000,0x00000000ecbff880,0x00000000ecc00000)
  to   space 4096K, 0% used [0x00000000ec400000,0x00000000ec400000,0x00000000ec800000)
 ParOldGen       total 68608K, used 9789K [0x00000000c0000000, 0x00000000c4300000, 0x00000000eab00000)
  object space 68608K, 14% used [0x00000000c0000000,0x00000000c098f6d0,0x00000000c4300000)
 Metaspace       used 32183K, capacity 33851K, committed 34048K, reserved 1079296K
  class space    used 3231K, capacity 3838K, committed 3840K, reserved 1048576K
}
Event: 3.884 GC heap after
{Heap after GC invocations=6 (full 1):
 PSYoungGen      total 29184K, used 4093K [0x00000000eab00000, 0x00000000ecf80000, 0x0000000100000000)
  eden space 25088K, 0% used [0x00000000eab00000,0x00000000eab00000,0x00000000ec380000)
  from space 4096K, 99% used [0x00000000ec400000,0x00000000ec7ff448,0x00000000ec800000)
  to   space 6144K, 0% used [0x00000000ec980000,0x00000000ec980000,0x00000000ecf80000)
 ParOldGen       total 68608K, used 11453K [0x00000000c0000000, 0x00000000c4300000, 0x00000000eab00000)
  object space 68608K, 16% used [0x00000000c0000000,0x00000000c0b2f700,0x00000000c4300000)
 Metaspace       used 32183K, capacity 33851K, committed 34048K, reserved 1079296K
  class space    used 3231K, capacity 3838K, committed 3840K, reserved 1048576K
}
Event: 4.148 GC heap before
{Heap before GC invocations=7 (full 1):
 PSYoungGen      total 29184K, used 24558K [0x00000000eab00000, 0x00000000ecf80000, 0x0000000100000000)
  eden space 25088K, 81% used [0x00000000eab00000,0x00000000ebefc670,0x00000000ec380000)
  from space 4096K, 99% used [0x00000000ec400000,0x00000000ec7ff448,0x00000000ec800000)
  to   space 6144K, 0% used [0x00000000ec980000,0x00000000ec980000,0x00000000ecf80000)
 ParOldGen       total 68608K, used 11453K [0x00000000c0000000, 0x00000000c4300000, 0x00000000eab00000)
  object space 68608K, 16% used [0x00000000c0000000,0x00000000c0b2f700,0x00000000c4300000)
 Metaspace       used 33467K, capacity 35156K, committed 35328K, reserved 1081344K
  class space    used 3358K, capacity 3986K, committed 4096K, reserved 1048576K
}
Event: 4.157 GC heap after
{Heap after GC invocations=7 (full 1):
 PSYoungGen      total 29696K, used 6128K [0x00000000eab00000, 0x00000000ed280000, 0x0000000100000000)
  eden space 23552K, 0% used [0x00000000eab00000,0x00000000eab00000,0x00000000ec200000)
  from space 6144K, 99% used [0x00000000ec980000,0x00000000ecf7c2e0,0x00000000ecf80000)
  to   space 7680K, 0% used [0x00000000ec200000,0x00000000ec200000,0x00000000ec980000)
 ParOldGen       total 68608K, used 12527K [0x00000000c0000000, 0x00000000c4300000, 0x00000000eab00000)
  object space 68608K, 18% used [0x00000000c0000000,0x00000000c0c3bc40,0x00000000c4300000)
 Metaspace       used 33467K, capacity 35156K, committed 35328K, reserved 1081344K
  class space    used 3358K, capacity 3986K, committed 4096K, reserved 1048576K
}
Event: 4.157 GC heap before
{Heap before GC invocations=8 (full 2):
 PSYoungGen      total 29696K, used 6128K [0x00000000eab00000, 0x00000000ed280000, 0x0000000100000000)
  eden space 23552K, 0% used [0x00000000eab00000,0x00000000eab00000,0x00000000ec200000)
  from space 6144K, 99% used [0x00000000ec980000,0x00000000ecf7c2e0,0x00000000ecf80000)
  to   space 7680K, 0% used [0x00000000ec200000,0x00000000ec200000,0x00000000ec980000)
 ParOldGen       total 68608K, used 12527K [0x00000000c0000000, 0x00000000c4300000, 0x00000000eab00000)
  object space 68608K, 18% used [0x00000000c0000000,0x00000000c0c3bc40,0x00000000c4300000)
 Metaspace       used 33467K, capacity 35156K, committed 35328K, reserved 1081344K
  class space    used 3358K, capacity 3986K, committed 4096K, reserved 1048576K
}
Event: 4.209 GC heap after
{Heap after GC invocations=8 (full 2):
 PSYoungGen      total 29696K, used 0K [0x00000000eab00000, 0x00000000ed280000, 0x0000000100000000)
  eden space 23552K, 0% used [0x00000000eab00000,0x00000000eab00000,0x00000000ec200000)
  from space 6144K, 0% used [0x00000000ec980000,0x00000000ec980000,0x00000000ecf80000)
  to   space 7680K, 0% used [0x00000000ec200000,0x00000000ec200000,0x00000000ec980000)
 ParOldGen       total 68608K, used 16954K [0x00000000c0000000, 0x00000000c4300000, 0x00000000eab00000)
  object space 68608K, 24% used [0x00000000c0000000,0x00000000c108eb50,0x00000000c4300000)
 Metaspace       used 33467K, capacity 35156K, committed 35328K, reserved 1081344K
  class space    used 3358K, capacity 3986K, committed 4096K, reserved 1048576K
}
Event: 4.984 GC heap before
{Heap before GC invocations=9 (full 2):
 PSYoungGen      total 29696K, used 23552K [0x00000000eab00000, 0x00000000ed280000, 0x0000000100000000)
  eden space 23552K, 100% used [0x00000000eab00000,0x00000000ec200000,0x00000000ec200000)
  from space 6144K, 0% used [0x00000000ec980000,0x00000000ec980000,0x00000000ecf80000)
  to   space 7680K, 0% used [0x00000000ec200000,0x00000000ec200000,0x00000000ec980000)
 ParOldGen       total 68608K, used 16954K [0x00000000c0000000, 0x00000000c4300000, 0x00000000eab00000)
  object space 68608K, 24% used [0x00000000c0000000,0x00000000c108eb50,0x00000000c4300000)
 Metaspace       used 39000K, capacity 41175K, committed 41344K, reserved 1085440K
  class space    used 3974K, capacity 4721K, committed 4736K, reserved 1048576K
}
Event: 4.994 GC heap after
{Heap after GC invocations=9 (full 2):
 PSYoungGen      total 25088K, used 1997K [0x00000000eab00000, 0x00000000eca00000, 0x0000000100000000)
  eden space 23040K, 0% used [0x00000000eab00000,0x00000000eab00000,0x00000000ec180000)
  from space 2048K, 97% used [0x00000000ec200000,0x00000000ec3f37e8,0x00000000ec400000)
  to   space 4096K, 0% used [0x00000000ec600000,0x00000000ec600000,0x00000000eca00000)
 ParOldGen       total 68608K, used 16962K [0x00000000c0000000, 0x00000000c4300000, 0x00000000eab00000)
  object space 68608K, 24% used [0x00000000c0000000,0x00000000c1090b50,0x00000000c4300000)
 Metaspace       used 39000K, capacity 41175K, committed 41344K, reserved 1085440K
  class space    used 3974K, capacity 4721K, committed 4736K, reserved 1048576K
}

