# JRE version: OpenJDK Runtime Environment (11.0.2+7) (build 11.0.2+7)
# Java VM: OpenJDK 64-Bit Server VM (11.0.2+7, mixed mode, tiered, compressed oops, parallel gc, windows-amd64)
Heap:
 PSYoungGen      total 11264K, used 3838K [0x00000000eab00000, 0x00000000eb880000, 0x0000000100000000)
  eden space 9728K, 27% used [0x00000000eab00000,0x00000000ead967f0,0x00000000eb480000)
  from space 1536K, 77% used [0x00000000eb700000,0x00000000eb829210,0x00000000eb880000)
  to   space 1536K, 0% used [0x00000000eb580000,0x00000000eb580000,0x00000000eb700000)
 ParOldGen       total 118272K, used 105218K [0x00000000c0000000, 0x00000000c7380000, 0x00000000eab00000)
  object space 118272K, 88% used [0x00000000c0000000,0x00000000c66c0b18,0x00000000c7380000)
 Metaspace       used 74210K, capacity 77244K, committed 77440K, reserved 1118208K
  class space    used 6831K, capacity 8037K, committed 8064K, reserved 1048576K
GC Heap History (10 events):
Event: 223.966 GC heap before
{Heap before GC invocations=1305 (full 32):
 PSYoungGen      total 11776K, used 10676K [0x00000000eab00000, 0x00000000eb980000, 0x0000000100000000)
  eden space 9728K, 100% used [0x00000000eab00000,0x00000000eb480000,0x00000000eb480000)
  from space 2048K, 46% used [0x00000000eb480000,0x00000000eb56d200,0x00000000eb680000)
  to   space 1536K, 0% used [0x00000000eb800000,0x00000000eb800000,0x00000000eb980000)
 ParOldGen       total 118272K, used 103622K [0x00000000c0000000, 0x00000000c7380000, 0x00000000eab00000)
  object space 118272K, 87% used [0x00000000c0000000,0x00000000c6531a18,0x00000000c7380000)
 Metaspace       used 74208K, capacity 77244K, committed 77440K, reserved 1118208K
  class space    used 6831K, capacity 8037K, committed 8064K, reserved 1048576K
}
Event: 223.969 GC heap after
{Heap after GC invocations=1305 (full 32):
 PSYoungGen      total 11264K, used 1300K [0x00000000eab00000, 0x00000000eb980000, 0x0000000100000000)
  eden space 9728K, 0% used [0x00000000eab00000,0x00000000eab00000,0x00000000eb480000)
  from space 1536K, 84% used [0x00000000eb800000,0x00000000eb945200,0x00000000eb980000)
  to   space 1536K, 0% used [0x00000000eb680000,0x00000000eb680000,0x00000000eb800000)
 ParOldGen       total 118272K, used 103622K [0x00000000c0000000, 0x00000000c7380000, 0x00000000eab00000)
  object space 118272K, 87% used [0x00000000c0000000,0x00000000c6531a18,0x00000000c7380000)
 Metaspace       used 74208K, capacity 77244K, committed 77440K, reserved 1118208K
  class space    used 6831K, capacity 8037K, committed 8064K, reserved 1048576K
}
Event: 223.988 GC heap before
{Heap before GC invocations=1306 (full 32):
 PSYoungGen      total 11264K, used 11028K [0x00000000eab00000, 0x00000000eb980000, 0x0000000100000000)
  eden space 9728K, 100% used [0x00000000eab00000,0x00000000eb480000,0x00000000eb480000)
  from space 1536K, 84% used [0x00000000eb800000,0x00000000eb945200,0x00000000eb980000)
  to   space 1536K, 0% used [0x00000000eb680000,0x00000000eb680000,0x00000000eb800000)
 ParOldGen       total 118272K, used 103622K [0x00000000c0000000, 0x00000000c7380000, 0x00000000eab00000)
  object space 118272K, 87% used [0x00000000c0000000,0x00000000c6531a18,0x00000000c7380000)
 Metaspace       used 74209K, capacity 77244K, committed 77440K, reserved 1118208K
  class space    used 6831K, capacity 8037K, committed 8064K, reserved 1048576K
}
Event: 223.989 GC heap after
{Heap after GC invocations=1306 (full 32):
 PSYoungGen      total 11264K, used 1434K [0x00000000eab00000, 0x00000000eb880000, 0x0000000100000000)
  eden space 9728K, 0% used [0x00000000eab00000,0x00000000eab00000,0x00000000eb480000)
  from space 1536K, 93% used [0x00000000eb680000,0x00000000eb7e6900,0x00000000eb800000)
  to   space 512K, 0% used [0x00000000eb800000,0x00000000eb800000,0x00000000eb880000)
 ParOldGen       total 118272K, used 103654K [0x00000000c0000000, 0x00000000c7380000, 0x00000000eab00000)
  object space 118272K, 87% used [0x00000000c0000000,0x00000000c6539a18,0x00000000c7380000)
 Metaspace       used 74209K, capacity 77244K, committed 77440K, reserved 1118208K
  class space    used 6831K, capacity 8037K, committed 8064K, reserved 1048576K
}
Event: 224.007 GC heap before
{Heap before GC invocations=1307 (full 32):
 PSYoungGen      total 11264K, used 11162K [0x00000000eab00000, 0x00000000eb880000, 0x0000000100000000)
  eden space 9728K, 100% used [0x00000000eab00000,0x00000000eb480000,0x00000000eb480000)
  from space 1536K, 93% used [0x00000000eb680000,0x00000000eb7e6900,0x00000000eb800000)
  to   space 512K, 0% used [0x00000000eb800000,0x00000000eb800000,0x00000000eb880000)
 ParOldGen       total 118272K, used 103654K [0x00000000c0000000, 0x00000000c7380000, 0x00000000eab00000)
  object space 118272K, 87% used [0x00000000c0000000,0x00000000c6539a18,0x00000000c7380000)
 Metaspace       used 74210K, capacity 77244K, committed 77440K, reserved 1118208K
  class space    used 6831K, capacity 8037K, committed 8064K, reserved 1048576K
}
Event: 224.009 GC heap after
{Heap after GC invocations=1307 (full 32):
 PSYoungGen      total 10240K, used 490K [0x00000000eab00000, 0x00000000eb880000, 0x0000000100000000)
  eden space 9728K, 0% used [0x00000000eab00000,0x00000000eab00000,0x00000000eb480000)
  from space 512K, 95% used [0x00000000eb800000,0x00000000eb87a910,0x00000000eb880000)
  to   space 1536K, 0% used [0x00000000eb580000,0x00000000eb580000,0x00000000eb700000)
 ParOldGen       total 118272K, used 104487K [0x00000000c0000000, 0x00000000c7380000, 0x00000000eab00000)
  object space 118272K, 88% used [0x00000000c0000000,0x00000000c6609ee0,0x00000000c7380000)
 Metaspace       used 74210K, capacity 77244K, committed 77440K, reserved 1118208K
  class space    used 6831K, capacity 8037K, committed 8064K, reserved 1048576K
}
Event: 224.030 GC heap before
{Heap before GC invocations=1308 (full 32):
 PSYoungGen      total 10240K, used 10218K [0x00000000eab00000, 0x00000000eb880000, 0x0000000100000000)
  eden space 9728K, 100% used [0x00000000eab00000,0x00000000eb480000,0x00000000eb480000)
  from space 512K, 95% used [0x00000000eb800000,0x00000000eb87a910,0x00000000eb880000)
  to   space 1536K, 0% used [0x00000000eb580000,0x00000000eb580000,0x00000000eb700000)
 ParOldGen       total 118272K, used 104487K [0x00000000c0000000, 0x00000000c7380000, 0x00000000eab00000)
  object space 118272K, 88% used [0x00000000c0000000,0x00000000c6609ee0,0x00000000c7380000)
 Metaspace       used 74210K, capacity 77244K, committed 77440K, reserved 1118208K
  class space    used 6831K, capacity 8037K, committed 8064K, reserved 1048576K
}
Event: 224.033 GC heap after
{Heap after GC invocations=1308 (full 32):
 PSYoungGen      total 11264K, used 1428K [0x00000000eab00000, 0x00000000eb880000, 0x0000000100000000)
  eden space 9728K, 0% used [0x00000000eab00000,0x00000000eab00000,0x00000000eb480000)
  from space 1536K, 93% used [0x00000000eb580000,0x00000000eb6e5200,0x00000000eb700000)
  to   space 1536K, 0% used [0x00000000eb700000,0x00000000eb700000,0x00000000eb880000)
 ParOldGen       total 118272K, used 104978K [0x00000000c0000000, 0x00000000c7380000, 0x00000000eab00000)
  object space 118272K, 88% used [0x00000000c0000000,0x00000000c6684af8,0x00000000c7380000)
 Metaspace       used 74210K, capacity 77244K, committed 77440K, reserved 1118208K
  class space    used 6831K, capacity 8037K, committed 8064K, reserved 1048576K
}
Event: 224.053 GC heap before
{Heap before GC invocations=1309 (full 32):
 PSYoungGen      total 11264K, used 11155K [0x00000000eab00000, 0x00000000eb880000, 0x0000000100000000)
  eden space 9728K, 99% used [0x00000000eab00000,0x00000000eb47fc40,0x00000000eb480000)
  from space 1536K, 93% used [0x00000000eb580000,0x00000000eb6e5200,0x00000000eb700000)
  to   space 1536K, 0% used [0x00000000eb700000,0x00000000eb700000,0x00000000eb880000)
 ParOldGen       total 118272K, used 104978K [0x00000000c0000000, 0x00000000c7380000, 0x00000000eab00000)
  object space 118272K, 88% used [0x00000000c0000000,0x00000000c6684af8,0x00000000c7380000)
 Metaspace       used 74210K, capacity 77244K, committed 77440K, reserved 1118208K
  class space    used 6831K, capacity 8037K, committed 8064K, reserved 1048576K
}
Event: 224.056 GC heap after
{Heap after GC invocations=1309 (full 32):
 PSYoungGen      total 11264K, used 1188K [0x00000000eab00000, 0x00000000eb880000, 0x0000000100000000)
  eden space 9728K, 0% used [0x00000000eab00000,0x00000000eab00000,0x00000000eb480000)
  from space 1536K, 77% used [0x00000000eb700000,0x00000000eb829210,0x00000000eb880000)
  to   space 1536K, 0% used [0x00000000eb580000,0x00000000eb580000,0x00000000eb700000)
 ParOldGen       total 118272K, used 105218K [0x00000000c0000000, 0x00000000c7380000, 0x00000000eab00000)
  object space 118272K, 88% used [0x00000000c0000000,0x00000000c66c0b18,0x00000000c7380000)
 Metaspace       used 74210K, capacity 77244K, committed 77440K, reserved 1118208K
  class space    used 6831K, capacity 8037K, committed 8064K, reserved 1048576K
}

